<?xml version="1.0" encoding="UTF-8"?>
<!-- Generated by org.testng.reporters.JUnitReportReporter -->
<testsuite hostname="DESKTOP-MMT25CU" failures="0" tests="1" name="rahulshettyacademy.tests.ErrorValidationsTest" time="7.196" errors="0" timestamp="14 Nov 2022 12:50:38 GMT" skipped="0">
  <testcase classname="rahulshettyacademy.tests.ErrorValidationsTest" name="LoginErrorValidation" time="7.196"/>
</testsuite> <!-- rahulshettyacademy.tests.ErrorValidationsTest -->
