<?xml version="1.0" encoding="UTF-8"?>
<!-- Generated by org.testng.reporters.JUnitReportReporter -->
<testsuite hostname="DESKTOP-ELVGGGT" failures="0" tests="1" name="rahulshettyacademy.tests.ErrorValidations" time="4.614" errors="0" timestamp="21 Oct 2022 05:27:30 GMT" skipped="0">
  <testcase classname="rahulshettyacademy.tests.ErrorValidations" name="SubmitOrder" time="4.614"/>
</testsuite> <!-- rahulshettyacademy.tests.ErrorValidations -->
