<?xml version="1.0" encoding="UTF-8"?>
<!-- Generated by org.testng.reporters.JUnitReportReporter -->
<testsuite hostname="DESKTOP-MMT25CU" failures="0" tests="3" name="rahulshettyacademy.tests.StandAloneTest" time="32.377" errors="0" timestamp="15 Nov 2022 11:16:32 GMT" skipped="0">
  <testcase classname="rahulshettyacademy.tests.StandAloneTest" name="SubmitOrder" time="7.680"/>
  <testcase classname="rahulshettyacademy.tests.StandAloneTest" name="SubmitOrder" time="17.359"/>
  <testcase classname="rahulshettyacademy.tests.StandAloneTest" name="OrderHistoryTest" time="7.338"/>
</testsuite> <!-- rahulshettyacademy.tests.StandAloneTest -->
