<?xml version="1.0" encoding="UTF-8"?>
<!-- Generated by org.testng.reporters.JUnitReportReporter -->
<testsuite hostname="DESKTOP-MMT25CU" failures="0" tests="2" name="rahulshettyacademy.tests.ErrorValidationsTest" time="23.402" errors="0" timestamp="15 Nov 2022 11:16:32 GMT" skipped="0">
  <testcase classname="rahulshettyacademy.tests.ErrorValidationsTest" name="ProductErrorValidation" time="16.469"/>
  <testcase classname="rahulshettyacademy.tests.ErrorValidationsTest" name="LoginErrorValidation" time="6.933"/>
</testsuite> <!-- rahulshettyacademy.tests.ErrorValidationsTest -->
